<?xml version="1.0" encoding="UTF-8"?>
<!-- Generated by org.testng.reporters.JUnitReportReporter -->
<testsuite hostname="spanchal-lt" name="com.sf.qa.testcases.LoginTests" tests="1" failures="0" timestamp="10 Jun 2019 16:33:38 GMT" time="1.500" errors="0">
  <testcase name="loginTest" time="1.500" classname="com.sf.qa.testcases.LoginTests"/>
</testsuite> <!-- com.sf.qa.testcases.LoginTests -->
